\BOOKMARK [0][-]{chapter*.1}{\376\377\000A\000b\000s\000t\000r\000a\000c\000t}{}% 1
\BOOKMARK [0][-]{chapter*.2}{\376\377\000P\000r\000e\000f\000a\000c\000e}{}% 2
\BOOKMARK [0][-]{chapter*.4}{\376\377\000T\000a\000b\000l\000e\000\040\000o\000f\000\040\000C\000o\000n\000t\000e\000n\000t\000s}{}% 3
\BOOKMARK [0][-]{chapter*.5}{\376\377\000L\000i\000s\000t\000\040\000o\000f\000\040\000T\000a\000b\000l\000e\000s}{}% 4
\BOOKMARK [0][-]{chapter*.6}{\376\377\000L\000i\000s\000t\000\040\000o\000f\000\040\000F\000i\000g\000u\000r\000e\000s}{}% 5
\BOOKMARK [0][-]{chapter*.7}{\376\377\000L\000i\000s\000t\000\040\000o\000f\000\040\000P\000r\000o\000g\000r\000a\000m\000s}{}% 6
\BOOKMARK [0][-]{chapter*.8}{\376\377\000A\000c\000k\000n\000o\000w\000l\000e\000d\000g\000e\000m\000e\000n\000t\000s}{}% 7
\BOOKMARK [0][-]{chapter*.9}{\376\377\000D\000e\000d\000i\000c\000a\000t\000i\000o\000n}{}% 8
\BOOKMARK [0][-]{chapter.1}{\376\377\000B\000a\000c\000k\000g\000r\000o\000u\000n\000d\000\040\000a\000n\000d\000\040\000T\000e\000r\000m\000i\000n\000o\000l\000o\000g\000y}{}% 9
\BOOKMARK [0][-]{chapter.2}{\376\377\000P\000r\000o\000t\000e\000c\000t\000i\000n\000g\000\040\000Q\000u\000a\000n\000t\000i\000z\000e\000d\000\040\000C\000N\000N\000s\000\040\000a\000g\000a\000i\000n\000s\000t\000\040\000R\000o\000w\000h\000a\000m\000m\000e\000r\000\040\000t\000h\000r\000o\000u\000g\000h\000\040\000A\000d\000v\000e\000r\000s\000a\000r\000i\000a\000l\000\040\000T\000r\000a\000i\000n\000i\000n\000g}{}% 10
\BOOKMARK [0][-]{chapter.3}{\376\377\000M\000e\000a\000s\000u\000r\000i\000n\000g\000\040\000F\000a\000u\000l\000t\000\040\000R\000e\000s\000i\000l\000i\000e\000n\000c\000e\000\040\000o\000f\000\040\000C\000N\000N\000s\000\040\000a\000g\000a\000i\000n\000s\000t\000\040\000W\000e\000i\000g\000h\000t\000\040\000F\000a\000u\000l\000t\000s}{}% 11
\BOOKMARK [0][-]{chapter.4}{\376\377\000S\000o\000m\000e\000\040\000P\000a\000r\000a\000m\000e\000t\000e\000r\000s\000\040\000a\000r\000e\000\040\000m\000o\000r\000e\000\040\000E\000q\000u\000a\000l}{}% 12
\BOOKMARK [0][-]{chapter.5}{\376\377\000A\000b\000s\000t\000r\000a\000c\000t}{}% 13
\BOOKMARK [1][-]{section.5.1}{\376\377\000E\000x\000p\000e\000r\000i\000m\000e\000n\000t\000a\000l\000\040\000S\000e\000t\000u\000p}{chapter.5}% 14
\BOOKMARK [1][-]{section.5.2}{\376\377\000R\000e\000s\000u\000l\000t\000s}{chapter.5}% 15
\BOOKMARK [0][-]{chapter.6}{\376\377\000T\000h\000i\000s\000\040\000i\000s\000\040\000a\000\040\000C\000h\000a\000p\000t\000e\000r}{}% 16
\BOOKMARK [1][-]{section.6.1}{\376\377\000A\000\040\000S\000e\000c\000t\000i\000o\000n}{chapter.6}% 17
\BOOKMARK [2][-]{subsection.6.1.1}{\376\377\000T\000h\000i\000s\000\040\000i\000s\000\040\000a\000\040\000S\000u\000b\000s\000e\000c\000t\000i\000o\000n}{section.6.1}% 18
\BOOKMARK [1][-]{section.6.2}{\376\377\000Q\000u\000o\000t\000e}{chapter.6}% 19
\BOOKMARK [1][-]{section.6.3}{\376\377\000P\000r\000o\000g\000r\000a\000m\000s}{chapter.6}% 20
\BOOKMARK [0][-]{chapter.7}{\376\377\000A\000n\000o\000t\000h\000e\000r\000\040\000C\000h\000a\000p\000t\000e\000r\040\046}{}% 21
\BOOKMARK [1][-]{section.7.1}{\376\377\000A\000n\000o\000t\000h\000e\000r\000\040\000S\000e\000c\000t\000i\000o\000n}{chapter.7}% 22
\BOOKMARK [1][-]{section.7.2}{\376\377\000T\000a\000b\000l\000e\000s}{chapter.7}% 23
\BOOKMARK [0][-]{chapter.8}{\376\377\000L\000a\000n\000d\000s\000c\000a\000p\000e\000\040\000M\000o\000d\000e}{}% 24
\BOOKMARK [0][-]{appendix.A}{\376\377\000F\000i\000r\000s\000t\000\040\000A\000p\000p\000e\000n\000d\000i\000x}{}% 25
\BOOKMARK [0][-]{appendix.B}{\376\377\000S\000e\000c\000o\000n\000d\000\040\000A\000p\000p\000e\000n\000d\000i\000x}{}% 26
